<?xml version="1.0" encoding="UTF-8"?>
<testsuite name="com.example.estateAgency.EstateAgencyApplicationTests" tests="1" skipped="0" failures="0" errors="0" timestamp="2023-05-08T22:11:45" hostname="DESKTOP-IUCRLED" time="0.178">
  <properties/>
  <testcase name="contextLoads()" classname="com.example.estateAgency.EstateAgencyApplicationTests" time="0.178"/>
  <system-out><![CDATA[01:11:42.013 [Test worker] DEBUG org.springframework.boot.test.context.SpringBootTestContextBootstrapper -- Neither @ContextConfiguration nor @ContextHierarchy found for test class [EstateAgencyApplicationTests]: using SpringBootContextLoader
01:11:42.017 [Test worker] DEBUG org.springframework.test.context.support.AbstractContextLoader -- Could not detect default resource locations for test class [com.example.estateAgency.EstateAgencyApplicationTests]: no resource found for suffixes {-context.xml, Context.groovy}.
01:11:42.018 [Test worker] INFO org.springframework.test.context.support.AnnotationConfigContextLoaderUtils -- Could not detect default configuration classes for test class [com.example.estateAgency.EstateAgencyApplicationTests]: EstateAgencyApplicationTests does not declare any static, non-private, non-final, nested classes annotated with @Configuration.
01:11:42.041 [Test worker] DEBUG org.springframework.boot.test.context.SpringBootTestContextBootstrapper -- Using ContextCustomizers for test class [EstateAgencyApplicationTests]: [DisableObservabilityContextCustomizer, PropertyMappingContextCustomizer, Customizer, ExcludeFilterContextCustomizer, DuplicateJsonObjectContextCustomizer, MockitoContextCustomizer, TestRestTemplateContextCustomizer]
01:11:42.105 [Test worker] DEBUG org.springframework.context.annotation.ClassPathScanningCandidateComponentProvider -- Identified candidate component class: file [C:\Users\gorch\Курсачи\Курсачи\estateAgency\build\classes\java\main\com\example\estateAgency\EstateAgencyApplication.class]
01:11:42.106 [Test worker] INFO org.springframework.boot.test.context.SpringBootTestContextBootstrapper -- Found @SpringBootConfiguration com.example.estateAgency.EstateAgencyApplication for test class com.example.estateAgency.EstateAgencyApplicationTests
01:11:42.204 [Test worker] DEBUG org.springframework.boot.test.context.SpringBootTestContextBootstrapper -- Using TestExecutionListeners for test class [EstateAgencyApplicationTests]: [ServletTestExecutionListener, DirtiesContextBeforeModesTestExecutionListener, ApplicationEventsTestExecutionListener, MockitoTestExecutionListener, DependencyInjectionTestExecutionListener, DirtiesContextTestExecutionListener, TransactionalTestExecutionListener, SqlScriptsTestExecutionListener, EventPublishingTestExecutionListener, RestDocsTestExecutionListener, MockRestServiceServerResetTestExecutionListener, MockMvcPrintOnlyOnFailureTestExecutionListener, WebDriverTestExecutionListener, MockWebServiceServerTestExecutionListener, ResetMocksTestExecutionListener]
01:11:42.207 [Test worker] DEBUG org.springframework.test.context.support.AbstractDirtiesContextTestExecutionListener -- Before test class: class [EstateAgencyApplicationTests], class annotated with @DirtiesContext [false] with mode [null]

  .   ____          _            __ _ _
 /\\ / ___'_ __ _ _(_)_ __  __ _ \ \ \ \
( ( )\___ | '_ | '_| | '_ \/ _` | \ \ \ \
 \\/  ___)| |_)| | | | | || (_| |  ) ) ) )
  '  |____| .__|_| |_|_| |_\__, | / / / /
 =========|_|==============|___/=/_/_/_/
 :: Spring Boot ::                (v3.0.6)

2023-05-09T01:11:42.467+03:00  INFO 29200 --- [    Test worker] c.e.e.EstateAgencyApplicationTests       : Starting EstateAgencyApplicationTests using Java 19.0.2 with PID 29200 (started by gorch in C:\Users\gorch\Курсачи\Курсачи\estateAgency)
2023-05-09T01:11:42.468+03:00  INFO 29200 --- [    Test worker] c.e.e.EstateAgencyApplicationTests       : No active profile set, falling back to 1 default profile: "default"
2023-05-09T01:11:43.014+03:00  INFO 29200 --- [    Test worker] .s.d.r.c.RepositoryConfigurationDelegate : Bootstrapping Spring Data JPA repositories in DEFAULT mode.
2023-05-09T01:11:43.070+03:00  INFO 29200 --- [    Test worker] .s.d.r.c.RepositoryConfigurationDelegate : Finished Spring Data repository scanning in 50 ms. Found 1 JPA repository interfaces.
2023-05-09T01:11:43.423+03:00  INFO 29200 --- [    Test worker] com.zaxxer.hikari.HikariDataSource       : HikariPool-1 - Starting...
2023-05-09T01:11:43.712+03:00  INFO 29200 --- [    Test worker] com.zaxxer.hikari.pool.HikariPool        : HikariPool-1 - Added connection org.postgresql.jdbc.PgConnection@7da635c0
2023-05-09T01:11:43.714+03:00  INFO 29200 --- [    Test worker] com.zaxxer.hikari.HikariDataSource       : HikariPool-1 - Start completed.
2023-05-09T01:11:43.762+03:00  INFO 29200 --- [    Test worker] o.hibernate.jpa.internal.util.LogHelper  : HHH000204: Processing PersistenceUnitInfo [name: default]
2023-05-09T01:11:43.836+03:00  INFO 29200 --- [    Test worker] org.hibernate.Version                    : HHH000412: Hibernate ORM core version 6.1.7.Final
2023-05-09T01:11:44.208+03:00  INFO 29200 --- [    Test worker] SQL dialect                              : HHH000400: Using dialect: org.hibernate.dialect.PostgreSQLDialect
2023-05-09T01:11:44.995+03:00  INFO 29200 --- [    Test worker] o.h.e.t.j.p.i.JtaPlatformInitiator       : HHH000490: Using JtaPlatform implementation: [org.hibernate.engine.transaction.jta.platform.internal.NoJtaPlatform]
2023-05-09T01:11:45.008+03:00  INFO 29200 --- [    Test worker] j.LocalContainerEntityManagerFactoryBean : Initialized JPA EntityManagerFactory for persistence unit 'default'
2023-05-09T01:11:45.397+03:00  WARN 29200 --- [    Test worker] JpaBaseConfiguration$JpaWebConfiguration : spring.jpa.open-in-view is enabled by default. Therefore, database queries may be performed during view rendering. Explicitly configure spring.jpa.open-in-view to disable this warning
2023-05-09T01:11:45.699+03:00  INFO 29200 --- [    Test worker] c.e.e.EstateAgencyApplicationTests       : Started EstateAgencyApplicationTests in 3.455 seconds (process running for 4.533)
]]></system-out>
  <system-err><![CDATA[]]></system-err>
</testsuite>
